# JRE version: OpenJDK Runtime Environment (8.0_181-b13) (build 1.8.0_181-8u181-b13-0ubuntu0.16.04.1-b13)
# Java VM: OpenJDK 64-Bit Server VM (25.181-b13 mixed mode linux-amd64 compressed oops)
Heap:
 PSYoungGen      total 970240K, used 0K [0x0000000776f00000, 0x00000007c0000000, 0x00000007c0000000)
  eden space 746496K, 0% used [0x0000000776f00000,0x0000000776f00000,0x00000007a4800000)
  from space 223744K, 0% used [0x00000007b2580000,0x00000007b2580000,0x00000007c0000000)
  to   space 225280K, 0% used [0x00000007a4800000,0x00000007a4800000,0x00000007b2400000)
 ParOldGen       total 541696K, used 512381K [0x00000006e4c00000, 0x0000000705d00000, 0x0000000776f00000)
  object space 541696K, 94% used [0x00000006e4c00000,0x000000070405f530,0x0000000705d00000)
 Metaspace       used 71943K, capacity 75264K, committed 75544K, reserved 1116160K
  class space    used 8894K, capacity 9407K, committed 9520K, reserved 1048576K
GC Heap History (10 events):
Event: 2170,133 GC heap after
Heap after GC invocations=87 (full 5):
 PSYoungGen      total 990208K, used 135332K [0x0000000776f00000, 0x00000007c0000000, 0x00000007c0000000)
  eden space 802816K, 0% used [0x0000000776f00000,0x0000000776f00000,0x00000007a7f00000)
  from space 187392K, 72% used [0x00000007b4900000,0x00000007bcd29278,0x00000007c0000000)
  to   space 197120K, 0% used [0x00000007a7f00000,0x00000007a7f00000,0x00000007b3f80000)
 ParOldGen       total 541696K, used 482808K [0x00000006e4c00000, 0x0000000705d00000, 0x0000000776f00000)
  object space 541696K, 89% used [0x00000006e4c00000,0x000000070237e1a8,0x0000000705d00000)
 Metaspace       used 71943K, capacity 75264K, committed 75544K, reserved 1116160K
  class space    used 8894K, capacity 9407K, committed 9520K, reserved 1048576K
}
Event: 2172,586 GC heap before
{Heap before GC invocations=88 (full 5):
 PSYoungGen      total 990208K, used 938148K [0x0000000776f00000, 0x00000007c0000000, 0x00000007c0000000)
  eden space 802816K, 100% used [0x0000000776f00000,0x00000007a7f00000,0x00000007a7f00000)
  from space 187392K, 72% used [0x00000007b4900000,0x00000007bcd29278,0x00000007c0000000)
  to   space 197120K, 0% used [0x00000007a7f00000,0x00000007a7f00000,0x00000007b3f80000)
 ParOldGen       total 541696K, used 482808K [0x00000006e4c00000, 0x0000000705d00000, 0x0000000776f00000)
  object space 541696K, 89% used [0x00000006e4c00000,0x000000070237e1a8,0x0000000705d00000)
 Metaspace       used 71943K, capacity 75264K, committed 75544K, reserved 1116160K
  class space    used 8894K, capacity 9407K, committed 9520K, reserved 1048576K
Event: 2172,630 GC heap after
Heap after GC invocations=88 (full 5):
 PSYoungGen      total 948224K, used 145316K [0x0000000776f00000, 0x00000007c0000000, 0x00000007c0000000)
  eden space 802816K, 0% used [0x0000000776f00000,0x0000000776f00000,0x00000007a7f00000)
  from space 145408K, 99% used [0x00000007a7f00000,0x00000007b0ce9278,0x00000007b0d00000)
  to   space 207872K, 0% used [0x00000007b3500000,0x00000007b3500000,0x00000007c0000000)
 ParOldGen       total 541696K, used 482808K [0x00000006e4c00000, 0x0000000705d00000, 0x0000000776f00000)
  object space 541696K, 89% used [0x00000006e4c00000,0x000000070237e1a8,0x0000000705d00000)
 Metaspace       used 71943K, capacity 75264K, committed 75544K, reserved 1116160K
  class space    used 8894K, capacity 9407K, committed 9520K, reserved 1048576K
}
Event: 2175,084 GC heap before
{Heap before GC invocations=89 (full 5):
 PSYoungGen      total 948224K, used 948132K [0x0000000776f00000, 0x00000007c0000000, 0x00000007c0000000)
  eden space 802816K, 100% used [0x0000000776f00000,0x00000007a7f00000,0x00000007a7f00000)
  from space 145408K, 99% used [0x00000007a7f00000,0x00000007b0ce9278,0x00000007b0d00000)
  to   space 207872K, 0% used [0x00000007b3500000,0x00000007b3500000,0x00000007c0000000)
 ParOldGen       total 541696K, used 482808K [0x00000006e4c00000, 0x0000000705d00000, 0x0000000776f00000)
  object space 541696K, 89% used [0x00000006e4c00000,0x000000070237e1a8,0x0000000705d00000)
 Metaspace       used 71943K, capacity 75264K, committed 75544K, reserved 1116160K
  class space    used 8894K, capacity 9407K, committed 9520K, reserved 1048576K
Event: 2175,142 GC heap after
Heap after GC invocations=89 (full 5):
 PSYoungGen      total 971776K, used 146678K [0x0000000776f00000, 0x00000007c0000000, 0x00000007c0000000)
  eden space 763904K, 0% used [0x0000000776f00000,0x0000000776f00000,0x00000007a5900000)
  from space 207872K, 70% used [0x00000007b3500000,0x00000007bc43dba8,0x00000007c0000000)
  to   space 216576K, 0% used [0x00000007a5900000,0x00000007a5900000,0x00000007b2c80000)
 ParOldGen       total 541696K, used 491448K [0x00000006e4c00000, 0x0000000705d00000, 0x0000000776f00000)
  object space 541696K, 90% used [0x00000006e4c00000,0x0000000702bee328,0x0000000705d00000)
 Metaspace       used 71943K, capacity 75264K, committed 75544K, reserved 1116160K
  class space    used 8894K, capacity 9407K, committed 9520K, reserved 1048576K
}
Event: 2177,430 GC heap before
{Heap before GC invocations=90 (full 5):
 PSYoungGen      total 971776K, used 910582K [0x0000000776f00000, 0x00000007c0000000, 0x00000007c0000000)
  eden space 763904K, 100% used [0x0000000776f00000,0x00000007a5900000,0x00000007a5900000)
  from space 207872K, 70% used [0x00000007b3500000,0x00000007bc43dba8,0x00000007c0000000)
  to   space 216576K, 0% used [0x00000007a5900000,0x00000007a5900000,0x00000007b2c80000)
 ParOldGen       total 541696K, used 491448K [0x00000006e4c00000, 0x0000000705d00000, 0x0000000776f00000)
  object space 541696K, 90% used [0x00000006e4c00000,0x0000000702bee328,0x0000000705d00000)
 Metaspace       used 71943K, capacity 75264K, committed 75544K, reserved 1116160K
  class space    used 8894K, capacity 9407K, committed 9520K, reserved 1048576K
Event: 2177,497 GC heap after
Heap after GC invocations=90 (full 5):
 PSYoungGen      total 911872K, used 147542K [0x0000000776f00000, 0x00000007c0000000, 0x00000007c0000000)
  eden space 763904K, 0% used [0x0000000776f00000,0x0000000776f00000,0x00000007a5900000)
  from space 147968K, 99% used [0x00000007a5900000,0x00000007ae915ba8,0x00000007ae980000)
  to   space 223744K, 0% used [0x00000007b2580000,0x00000007b2580000,0x00000007c0000000)
 ParOldGen       total 541696K, used 500116K [0x00000006e4c00000, 0x0000000705d00000, 0x0000000776f00000)
  object space 541696K, 92% used [0x00000006e4c00000,0x00000007034653a8,0x0000000705d00000)
 Metaspace       used 71943K, capacity 75264K, committed 75544K, reserved 1116160K
  class space    used 8894K, capacity 9407K, committed 9520K, reserved 1048576K
}
Event: 2179,831 GC heap before
{Heap before GC invocations=91 (full 5):
 PSYoungGen      total 911872K, used 911446K [0x0000000776f00000, 0x00000007c0000000, 0x00000007c0000000)
  eden space 763904K, 100% used [0x0000000776f00000,0x00000007a5900000,0x00000007a5900000)
  from space 147968K, 99% used [0x00000007a5900000,0x00000007ae915ba8,0x00000007ae980000)
  to   space 223744K, 0% used [0x00000007b2580000,0x00000007b2580000,0x00000007c0000000)
 ParOldGen       total 541696K, used 500116K [0x00000006e4c00000, 0x0000000705d00000, 0x0000000776f00000)
  object space 541696K, 92% used [0x00000006e4c00000,0x00000007034653a8,0x0000000705d00000)
 Metaspace       used 71943K, capacity 75264K, committed 75544K, reserved 1116160K
  class space    used 8894K, capacity 9407K, committed 9520K, reserved 1048576K
Event: 2179,898 GC heap after
Heap after GC invocations=91 (full 5):
 PSYoungGen      total 970240K, used 139510K [0x0000000776f00000, 0x00000007c0000000, 0x00000007c0000000)
  eden space 746496K, 0% used [0x0000000776f00000,0x0000000776f00000,0x00000007a4800000)
  from space 223744K, 62% used [0x00000007b2580000,0x00000007badbdba8,0x00000007c0000000)
  to   space 225280K, 0% used [0x00000007a4800000,0x00000007a4800000,0x00000007b2400000)
 ParOldGen       total 541696K, used 517589K [0x00000006e4c00000, 0x0000000705d00000, 0x0000000776f00000)
  object space 541696K, 95% used [0x00000006e4c00000,0x00000007045757c8,0x0000000705d00000)
 Metaspace       used 71943K, capacity 75264K, committed 75544K, reserved 1116160K
  class space    used 8894K, capacity 9407K, committed 9520K, reserved 1048576K
}
Event: 2179,898 GC heap before
{Heap before GC invocations=92 (full 6):
 PSYoungGen      total 970240K, used 139510K [0x0000000776f00000, 0x00000007c0000000, 0x00000007c0000000)
  eden space 746496K, 0% used [0x0000000776f00000,0x0000000776f00000,0x00000007a4800000)
  from space 223744K, 62% used [0x00000007b2580000,0x00000007badbdba8,0x00000007c0000000)
  to   space 225280K, 0% used [0x00000007a4800000,0x00000007a4800000,0x00000007b2400000)
 ParOldGen       total 541696K, used 517589K [0x00000006e4c00000, 0x0000000705d00000, 0x0000000776f00000)
  object space 541696K, 95% used [0x00000006e4c00000,0x00000007045757c8,0x0000000705d00000)
 Metaspace       used 71943K, capacity 75264K, committed 75544K, reserved 1116160K
  class space    used 8894K, capacity 9407K, committed 9520K, reserved 1048576K

